<?xml version="1.0" encoding="UTF-8"?>
<!-- Generated by org.testng.reporters.JUnitXMLReporter -->
<testsuite hostname="SEZO2623589" ignored="0" name="Free CRM App Test Cases" tests="3" failures="1" timestamp="23 Feb 2018 03:55:13 GMT" time="43.584" errors="0">
  <testcase name="@AfterTest captureScreenShot" time="0.0" classname="com.crm.qa.testcases.HomePageTest">
    <failure type="java.lang.IllegalArgumentException" message="wrong number of arguments">
      <![CDATA[java.lang.IllegalArgumentException: wrong number of arguments
... Removed 23 stack frames]]>
    </failure>
  </testcase> <!-- @AfterTest captureScreenShot -->
  <testcase name="verifyHomePageTitleTest" time="0.047" classname="com.crm.qa.testcases.HomePageTest">
    <failure type="java.lang.AssertionError" message="Home page title not matched">
      <![CDATA[java.lang.AssertionError: Home page title not matched
	at com.crm.qa.testcases.HomePageTest.verifyHomePageTitleTest(HomePageTest.java:52)
... Removed 27 stack frames]]>
    </failure>
  </testcase> <!-- verifyHomePageTitleTest -->
  <testcase name="verifyUserNameTest" time="0.235" classname="com.crm.qa.testcases.HomePageTest"/>
  <testcase name="verifyContactsLinkTest" time="0.195" classname="com.crm.qa.testcases.HomePageTest"/>
</testsuite> <!-- Free CRM App Test Cases -->
